<?xml version="1.0" encoding="UTF-8"?>
<!-- Generated by org.testng.reporters.JUnitXMLReporter -->
<testsuite ignored="0" hostname="DESKTOP-87MMOQE" failures="0" tests="5" name="debitcard" time="0.011" errors="0" timestamp="2022-04-05T14:07:04 CDT">
  <testcase classname="mvnproject.ClassTwo" name="testTwo" time="0.0"/>
  <testcase classname="mvnproject.ClassThree" name="testThree" time="0.001"/>
  <testcase classname="pack.ClassFive" name="testfive" time="0.002"/>
  <testcase classname="mvnproject.ClassOne" name="testOne" time="0.0"/>
  <testcase classname="ClassFour.ClassFour" name="testFour" time="0.0"/>
</testsuite> <!-- debitcard -->
