<?xml version="1.0" encoding="UTF-8"?>
<!-- Generated by org.testng.reporters.JUnitXMLReporter -->
<testsuite ignored="1" hostname="DESKTOP-87MMOQE" failures="0" tests="3" name="netbanking" time="0.034" errors="0" timestamp="2022-04-05T14:34:16 CDT">
  <testcase classname="mvnproject.ClassOne" name="testFour" time="0.006"/>
  <testcase classname="mvnproject.ClassOne" name="testOne" time="0.001"/>
  <testcase classname="mvnproject.ClassOne" name="testTwo" time="0.001"/>
  <testcase classname="mvnproject.ClassOne" name="testThree" time="0.0">
    <ignored/>
  </testcase> <!-- testThree -->
</testsuite> <!-- netbanking -->
