<?xml version="1.0" encoding="UTF-8"?>
<!-- Generated by org.testng.reporters.JUnitXMLReporter -->
<testsuite ignored="5" hostname="DESKTOP-87MMOQE" failures="0" tests="3" name="Test" time="0.041" errors="0" timestamp="2022-04-05T18:36:46 CDT">
  <testcase classname="mvnproject.ClassTwo" name="testTwo" time="0.007"/>
  <testcase classname="mvnproject.ClassThree" name="testThree" time="0.002"/>
  <testcase classname="mvnproject.ClassOne" name="testTwo" time="0.001"/>
  <testcase classname="pack.ClassFive" name="testfive" time="0.0">
    <ignored/>
  </testcase> <!-- testfive -->
  <testcase classname="mvnproject.ClassOne" name="testOne" time="0.0">
    <ignored/>
  </testcase> <!-- testOne -->
  <testcase classname="mvnproject.ClassOne" name="testThree" time="0.0">
    <ignored/>
  </testcase> <!-- testThree -->
  <testcase classname="ClassFour.ClassFour" name="testFour" time="0.0">
    <ignored/>
  </testcase> <!-- testFour -->
  <testcase classname="mvnproject.ClassOne" name="testFour" time="0.0">
    <ignored/>
  </testcase> <!-- testFour -->
</testsuite> <!-- Test -->
